<?xml version="1.0" encoding="UTF-8"?>
<!-- Generated by org.testng.reporters.JUnitReportReporter -->
<testsuite hostname="LAPTOP-B6MQFRDE" failures="0" tests="2" name="demo1.smoke1" time="0.014" errors="0" timestamp="2022-12-21T16:39:22 EST" skipped="0">
  <testcase classname="demo1.smoke1" name="regression" time="0.012"/>
  <system-out/>
  <testcase classname="demo1.smoke1" name="smoke" time="0.002"/>
  <system-out/>
</testsuite> <!-- demo1.smoke1 -->
